0 silly argv { _: [ 'version' ],
0 silly argv   lernaVersion: '3.4.3',
0 silly argv   '$0': '/Users/harrysolovay/.npm-global/bin/lerna',
0 silly argv   bump: '0.0.1' }
1 notice cli v3.4.3
2 verbose rootPath /Users/harrysolovay/Desktop/rescripts
3 info versioning independent
4 silly isAnythingCommitted
5 verbose isAnythingCommitted 1
6 silly currentBranch
7 verbose currentBranch master
8 silly isBehindUpstream
9 silly isBehindUpstream master is behind origin/master by 0 commit(s) and ahead by 2
10 silly hasTags
11 verbose hasTags false
12 info Looking for changed packages since initial commit.
13 verbose updated @rescripts/cli
14 verbose updated basic
15 verbose updated @rescripts/rescript-default
16 verbose updated @rescripts/rescript-use-babel-config
17 verbose updated @rescripts/rescript-use-eslint-config
18 verbose updated @rescripts/utilities
19 verbose git-describe undefined => "4b245955"
20 silly git-describe parsed => {"refCount":"51","sha":"4b245955","isDirty":false}
21 silly batched [ PackageGraphNode {
21 silly batched     name: 'basic',
21 silly batched     externalDependencies:
21 silly batched      Map {
21 silly batched        '@rescripts/cli' => [Object],
21 silly batched        'babel-plugin-module-resolver' => [Object],
21 silly batched        'babel-plugin-react-require' => [Object],
21 silly batched        'react' => [Object],
21 silly batched        'react-dom' => [Object],
21 silly batched        'react-scripts' => [Object] },
21 silly batched     localDependencies: Map {},
21 silly batched     localDependents: Map {} },
21 silly batched   PackageGraphNode {
21 silly batched     name: '@rescripts/rescript-use-babel-config',
21 silly batched     externalDependencies: Map {},
21 silly batched     localDependencies: Map {},
21 silly batched     localDependents: Map { '@rescripts/rescript-default' => [PackageGraphNode] } },
21 silly batched   PackageGraphNode {
21 silly batched     name: '@rescripts/rescript-use-eslint-config',
21 silly batched     externalDependencies: Map {},
21 silly batched     localDependencies: Map {},
21 silly batched     localDependents: Map { '@rescripts/rescript-default' => [PackageGraphNode] } },
21 silly batched   PackageGraphNode {
21 silly batched     name: '@rescripts/utilities',
21 silly batched     externalDependencies: Map {},
21 silly batched     localDependencies: Map {},
21 silly batched     localDependents: Map {} } ]
22 silly batched [ PackageGraphNode {
22 silly batched     name: '@rescripts/rescript-default',
22 silly batched     externalDependencies: Map {},
22 silly batched     localDependencies: Map {},
22 silly batched     localDependents: Map { '@rescripts/cli' => [PackageGraphNode] } } ]
23 silly batched [ PackageGraphNode {
23 silly batched     name: '@rescripts/cli',
23 silly batched     externalDependencies: Map { '@rescripts/utilities' => [Object] },
23 silly batched     localDependencies: Map {},
23 silly batched     localDependents: Map {} } ]
24 silly gitAdd [ '/Users/harrysolovay/Desktop/rescripts/packages/examples/basic/package.json',
24 silly gitAdd   '/Users/harrysolovay/Desktop/rescripts/packages/rescripts/use-eslint-config/package.json',
24 silly gitAdd   '/Users/harrysolovay/Desktop/rescripts/packages/rescripts/use-babel-config/package.json',
24 silly gitAdd   '/Users/harrysolovay/Desktop/rescripts/packages/utilities/package.json',
24 silly gitAdd   '/Users/harrysolovay/Desktop/rescripts/packages/rescripts/default/package.json',
24 silly gitAdd   '/Users/harrysolovay/Desktop/rescripts/packages/cli/package.json' ]
25 error Error: Command failed: git add -- packages/examples/basic/package.json packages/rescripts/use-eslint-config/package.json packages/rescripts/use-babel-config/package.json packages/utilities/package.json packages/rescripts/default/package.json packages/cli/package.json
25 error fatal: Pathspec 'packages/examples/basic/package.json' is in submodule 'packages/examples/basic'
25 error
25 error     at makeError (/Users/harrysolovay/Desktop/rescripts/node_modules/execa/index.js:174:9)
25 error     at Promise.all.then.arr (/Users/harrysolovay/Desktop/rescripts/node_modules/execa/index.js:278:16)
